Analysis & Synthesis report for CPU
Mon Dec 04 10:32:48 2023
Quartus Prime Version 18.1.0 Build 625 09/12/2018 SJ Lite Edition


---------------------
; Table of Contents ;
---------------------
  1. Legal Notice
  2. Analysis & Synthesis Summary
  3. Analysis & Synthesis Settings
  4. Parallel Compilation
  5. Analysis & Synthesis Source Files Read
  6. Analysis & Synthesis Resource Usage Summary
  7. Analysis & Synthesis Resource Utilization by Entity
  8. General Register Statistics
  9. Parameter Settings for User Entity Instance: datapath:path_of_data|Signed_Extender:se6
 10. Parameter Settings for User Entity Instance: datapath:path_of_data|Signed_Extender:se9
 11. Parameter Settings for User Entity Instance: datapath:path_of_data|Register_N:reg16_t1
 12. Parameter Settings for User Entity Instance: datapath:path_of_data|Register_N:reg16_t2
 13. Parameter Settings for User Entity Instance: datapath:path_of_data|Register_N:reg16_t3
 14. Parameter Settings for User Entity Instance: datapath:path_of_data|Register_N:reg16_t4
 15. Parameter Settings for User Entity Instance: datapath:path_of_data|Register_N:reg3
 16. Parameter Settings for User Entity Instance: datapath:path_of_data|Register_File:rf|Register_N:\register_gen:0:reg
 17. Parameter Settings for User Entity Instance: datapath:path_of_data|Register_File:rf|Register_N:\register_gen:1:reg
 18. Parameter Settings for User Entity Instance: datapath:path_of_data|Register_File:rf|Register_N:\register_gen:2:reg
 19. Parameter Settings for User Entity Instance: datapath:path_of_data|Register_File:rf|Register_N:\register_gen:3:reg
 20. Parameter Settings for User Entity Instance: datapath:path_of_data|Register_File:rf|Register_N:\register_gen:4:reg
 21. Parameter Settings for User Entity Instance: datapath:path_of_data|Register_File:rf|Register_N:\register_gen:5:reg
 22. Parameter Settings for User Entity Instance: datapath:path_of_data|Register_File:rf|Register_N:\register_gen:6:reg
 23. Parameter Settings for User Entity Instance: datapath:path_of_data|Register_File:rf|Register_N:\register_gen:7:reg
 24. Port Connectivity Checks: "datapath:path_of_data|Decoder_1_To_2:dec1to2"
 25. Port Connectivity Checks: "datapath:path_of_data|Decoder_2_To_4:dec2to4"
 26. Port Connectivity Checks: "datapath:path_of_data|Decoder_3_To_8:dec3to8"
 27. Post-Synthesis Netlist Statistics for Top Partition
 28. Elapsed Time Per Partition
 29. Analysis & Synthesis Messages



----------------
; Legal Notice ;
----------------
Copyright (C) 2018  Intel Corporation. All rights reserved.
Your use of Intel Corporation's design tools, logic functions 
and other software and tools, and its AMPP partner logic 
functions, and any output files from any of the foregoing 
(including device programming or simulation files), and any 
associated documentation or information are expressly subject 
to the terms and conditions of the Intel Program License 
Subscription Agreement, the Intel Quartus Prime License Agreement,
the Intel FPGA IP License Agreement, or other applicable license
agreement, including, without limitation, that your use is for
the sole purpose of programming logic devices manufactured by
Intel and sold by Intel or its authorized distributors.  Please
refer to the applicable agreement for further details.



+----------------------------------------------------------------------------------+
; Analysis & Synthesis Summary                                                     ;
+------------------------------------+---------------------------------------------+
; Analysis & Synthesis Status        ; Successful - Mon Dec 04 10:32:48 2023       ;
; Quartus Prime Version              ; 18.1.0 Build 625 09/12/2018 SJ Lite Edition ;
; Revision Name                      ; CPU                                         ;
; Top-level Entity Name              ; CPU                                         ;
; Family                             ; MAX 10                                      ;
; Total logic elements               ; 0                                           ;
;     Total combinational functions  ; 0                                           ;
;     Dedicated logic registers      ; 0                                           ;
; Total registers                    ; 0                                           ;
; Total pins                         ; 2                                           ;
; Total virtual pins                 ; 0                                           ;
; Total memory bits                  ; 0                                           ;
; Embedded Multiplier 9-bit elements ; 0                                           ;
; Total PLLs                         ; 0                                           ;
; UFM blocks                         ; 0                                           ;
; ADC blocks                         ; 0                                           ;
+------------------------------------+---------------------------------------------+


+------------------------------------------------------------------------------------------------------------+
; Analysis & Synthesis Settings                                                                              ;
+------------------------------------------------------------------+--------------------+--------------------+
; Option                                                           ; Setting            ; Default Value      ;
+------------------------------------------------------------------+--------------------+--------------------+
; Device                                                           ; 10M08DAF484C8G     ;                    ;
; Top-level entity name                                            ; CPU                ; CPU                ;
; Family name                                                      ; MAX 10             ; Cyclone V          ;
; Use smart compilation                                            ; Off                ; Off                ;
; Enable parallel Assembler and Timing Analyzer during compilation ; On                 ; On                 ;
; Enable compact report table                                      ; Off                ; Off                ;
; Restructure Multiplexers                                         ; Auto               ; Auto               ;
; Create Debugging Nodes for IP Cores                              ; Off                ; Off                ;
; Preserve fewer node names                                        ; On                 ; On                 ;
; Intel FPGA IP Evaluation Mode                                    ; Enable             ; Enable             ;
; Verilog Version                                                  ; Verilog_2001       ; Verilog_2001       ;
; VHDL Version                                                     ; VHDL_1993          ; VHDL_1993          ;
; State Machine Processing                                         ; Auto               ; Auto               ;
; Safe State Machine                                               ; Off                ; Off                ;
; Extract Verilog State Machines                                   ; On                 ; On                 ;
; Extract VHDL State Machines                                      ; On                 ; On                 ;
; Ignore Verilog initial constructs                                ; Off                ; Off                ;
; Iteration limit for constant Verilog loops                       ; 5000               ; 5000               ;
; Iteration limit for non-constant Verilog loops                   ; 250                ; 250                ;
; Add Pass-Through Logic to Inferred RAMs                          ; On                 ; On                 ;
; Infer RAMs from Raw Logic                                        ; On                 ; On                 ;
; Parallel Synthesis                                               ; On                 ; On                 ;
; DSP Block Balancing                                              ; Auto               ; Auto               ;
; NOT Gate Push-Back                                               ; On                 ; On                 ;
; Power-Up Don't Care                                              ; On                 ; On                 ;
; Remove Redundant Logic Cells                                     ; Off                ; Off                ;
; Remove Duplicate Registers                                       ; On                 ; On                 ;
; Ignore CARRY Buffers                                             ; Off                ; Off                ;
; Ignore CASCADE Buffers                                           ; Off                ; Off                ;
; Ignore GLOBAL Buffers                                            ; Off                ; Off                ;
; Ignore ROW GLOBAL Buffers                                        ; Off                ; Off                ;
; Ignore LCELL Buffers                                             ; Off                ; Off                ;
; Ignore SOFT Buffers                                              ; On                 ; On                 ;
; Limit AHDL Integers to 32 Bits                                   ; Off                ; Off                ;
; Optimization Technique                                           ; Balanced           ; Balanced           ;
; Carry Chain Length                                               ; 70                 ; 70                 ;
; Auto Carry Chains                                                ; On                 ; On                 ;
; Auto Open-Drain Pins                                             ; On                 ; On                 ;
; Perform WYSIWYG Primitive Resynthesis                            ; Off                ; Off                ;
; Auto ROM Replacement                                             ; On                 ; On                 ;
; Auto RAM Replacement                                             ; On                 ; On                 ;
; Auto DSP Block Replacement                                       ; On                 ; On                 ;
; Auto Shift Register Replacement                                  ; Auto               ; Auto               ;
; Allow Shift Register Merging across Hierarchies                  ; Auto               ; Auto               ;
; Auto Clock Enable Replacement                                    ; On                 ; On                 ;
; Strict RAM Replacement                                           ; Off                ; Off                ;
; Allow Synchronous Control Signals                                ; On                 ; On                 ;
; Force Use of Synchronous Clear Signals                           ; Off                ; Off                ;
; Auto RAM Block Balancing                                         ; On                 ; On                 ;
; Auto RAM to Logic Cell Conversion                                ; Off                ; Off                ;
; Auto Resource Sharing                                            ; Off                ; Off                ;
; Allow Any RAM Size For Recognition                               ; Off                ; Off                ;
; Allow Any ROM Size For Recognition                               ; Off                ; Off                ;
; Allow Any Shift Register Size For Recognition                    ; Off                ; Off                ;
; Use LogicLock Constraints during Resource Balancing              ; On                 ; On                 ;
; Ignore translate_off and synthesis_off directives                ; Off                ; Off                ;
; Timing-Driven Synthesis                                          ; On                 ; On                 ;
; Report Parameter Settings                                        ; On                 ; On                 ;
; Report Source Assignments                                        ; On                 ; On                 ;
; Report Connectivity Checks                                       ; On                 ; On                 ;
; Ignore Maximum Fan-Out Assignments                               ; Off                ; Off                ;
; Synchronization Register Chain Length                            ; 2                  ; 2                  ;
; Power Optimization During Synthesis                              ; Normal compilation ; Normal compilation ;
; HDL message level                                                ; Level2             ; Level2             ;
; Suppress Register Optimization Related Messages                  ; Off                ; Off                ;
; Number of Removed Registers Reported in Synthesis Report         ; 5000               ; 5000               ;
; Number of Swept Nodes Reported in Synthesis Report               ; 5000               ; 5000               ;
; Number of Inverted Registers Reported in Synthesis Report        ; 100                ; 100                ;
; Clock MUX Protection                                             ; On                 ; On                 ;
; Auto Gated Clock Conversion                                      ; Off                ; Off                ;
; Block Design Naming                                              ; Auto               ; Auto               ;
; SDC constraint protection                                        ; Off                ; Off                ;
; Synthesis Effort                                                 ; Auto               ; Auto               ;
; Shift Register Replacement - Allow Asynchronous Clear Signal     ; On                 ; On                 ;
; Pre-Mapping Resynthesis Optimization                             ; Off                ; Off                ;
; Analysis & Synthesis Message Level                               ; Medium             ; Medium             ;
; Disable Register Merging Across Hierarchies                      ; Auto               ; Auto               ;
; Resource Aware Inference For Block RAM                           ; On                 ; On                 ;
+------------------------------------------------------------------+--------------------+--------------------+


+------------------------------------------+
; Parallel Compilation                     ;
+----------------------------+-------------+
; Processors                 ; Number      ;
+----------------------------+-------------+
; Number detected on machine ; 20          ;
; Maximum allowed            ; 14          ;
;                            ;             ;
; Average used               ; 1.00        ;
; Maximum used               ; 1           ;
;                            ;             ;
; Usage by Processor         ; % Time Used ;
;     Processor 1            ; 100.0%      ;
+----------------------------+-------------+


+-------------------------------------------------------------------------------------------------------------------------------------------------------------------------------------------+
; Analysis & Synthesis Source Files Read                                                                                                                                                    ;
+----------------------------------+-----------------+-----------------+----------------------------------------------------------------------------------------------------------+---------+
; File Name with User-Entered Path ; Used in Netlist ; File Type       ; File Name with Absolute Path                                                                             ; Library ;
+----------------------------------+-----------------+-----------------+----------------------------------------------------------------------------------------------------------+---------+
; Signed_Extender.vhd              ; yes             ; User VHDL File  ; C:/Users/Lenovo/OneDrive/Documents/EE214_Digital_Lab/Test/EE224_CPU-IITB/CPU/CPU/Signed_Extender.vhd     ;         ;
; Register.vhd                     ; yes             ; User VHDL File  ; C:/Users/Lenovo/OneDrive/Documents/EE214_Digital_Lab/Test/EE224_CPU-IITB/CPU/CPU/Register.vhd            ;         ;
; Programmer_Register.vhd          ; yes             ; User VHDL File  ; C:/Users/Lenovo/OneDrive/Documents/EE214_Digital_Lab/Test/EE224_CPU-IITB/CPU/CPU/Programmer_Register.vhd ;         ;
; Memory.vhd                       ; yes             ; User VHDL File  ; C:/Users/Lenovo/OneDrive/Documents/EE214_Digital_Lab/Test/EE224_CPU-IITB/CPU/CPU/Memory.vhd              ;         ;
; Left_Shifter.vhd                 ; yes             ; User VHDL File  ; C:/Users/Lenovo/OneDrive/Documents/EE214_Digital_Lab/Test/EE224_CPU-IITB/CPU/CPU/Left_Shifter.vhd        ;         ;
; Generic_Mux.vhd                  ; yes             ; User VHDL File  ; C:/Users/Lenovo/OneDrive/Documents/EE214_Digital_Lab/Test/EE224_CPU-IITB/CPU/CPU/Generic_Mux.vhd         ;         ;
; FSM.vhd                          ; yes             ; User VHDL File  ; C:/Users/Lenovo/OneDrive/Documents/EE214_Digital_Lab/Test/EE224_CPU-IITB/CPU/CPU/FSM.vhd                 ;         ;
; Decoder_3_To_8.vhdl              ; yes             ; User VHDL File  ; C:/Users/Lenovo/OneDrive/Documents/EE214_Digital_Lab/Test/EE224_CPU-IITB/CPU/CPU/Decoder_3_To_8.vhdl     ;         ;
; Decoder_2_To_4.vhdl              ; yes             ; User VHDL File  ; C:/Users/Lenovo/OneDrive/Documents/EE214_Digital_Lab/Test/EE224_CPU-IITB/CPU/CPU/Decoder_2_To_4.vhdl     ;         ;
; Decoder_1_To_2.vhdl              ; yes             ; User VHDL File  ; C:/Users/Lenovo/OneDrive/Documents/EE214_Digital_Lab/Test/EE224_CPU-IITB/CPU/CPU/Decoder_1_To_2.vhdl     ;         ;
; datapath.vhd                     ; yes             ; User VHDL File  ; C:/Users/Lenovo/OneDrive/Documents/EE214_Digital_Lab/Test/EE224_CPU-IITB/CPU/CPU/datapath.vhd            ;         ;
; ALU.vhd                          ; yes             ; User VHDL File  ; C:/Users/Lenovo/OneDrive/Documents/EE214_Digital_Lab/Test/EE224_CPU-IITB/CPU/CPU/ALU.vhd                 ;         ;
; CPU.vhd                          ; yes             ; User VHDL File  ; C:/Users/Lenovo/OneDrive/Documents/EE214_Digital_Lab/Test/EE224_CPU-IITB/CPU/CPU/CPU.vhd                 ;         ;
; Testbench.vhd                    ; yes             ; User VHDL File  ; C:/Users/Lenovo/OneDrive/Documents/EE214_Digital_Lab/Test/EE224_CPU-IITB/CPU/CPU/Testbench.vhd           ;         ;
+----------------------------------+-----------------+-----------------+----------------------------------------------------------------------------------------------------------+---------+


+-----------------------------------------------------+
; Analysis & Synthesis Resource Usage Summary         ;
+---------------------------------------------+-------+
; Resource                                    ; Usage ;
+---------------------------------------------+-------+
;                                             ;       ;
; Total combinational functions               ; 0     ;
; Logic element usage by number of LUT inputs ;       ;
;     -- 4 input functions                    ; 0     ;
;     -- 3 input functions                    ; 0     ;
;     -- <=2 input functions                  ; 0     ;
;                                             ;       ;
; Logic elements by mode                      ;       ;
;     -- normal mode                          ; 0     ;
;     -- arithmetic mode                      ; 0     ;
;                                             ;       ;
; Total registers                             ; 0     ;
;     -- Dedicated logic registers            ; 0     ;
;     -- I/O registers                        ; 0     ;
;                                             ;       ;
; I/O pins                                    ; 2     ;
;                                             ;       ;
; Embedded Multiplier 9-bit elements          ; 0     ;
;                                             ;       ;
; Maximum fan-out node                        ; clk   ;
; Maximum fan-out                             ; 1     ;
; Total fan-out                               ; 2     ;
; Average fan-out                             ; 0.50  ;
+---------------------------------------------+-------+


+------------------------------------------------------------------------------------------------------------------------------------------------------------------------------------------------------------------------------------+
; Analysis & Synthesis Resource Utilization by Entity                                                                                                                                                                                ;
+----------------------------+---------------------+---------------------------+-------------+------------+--------------+---------+-----------+------+--------------+------------+---------------------+-------------+--------------+
; Compilation Hierarchy Node ; Combinational ALUTs ; Dedicated Logic Registers ; Memory Bits ; UFM Blocks ; DSP Elements ; DSP 9x9 ; DSP 18x18 ; Pins ; Virtual Pins ; ADC blocks ; Full Hierarchy Name ; Entity Name ; Library Name ;
+----------------------------+---------------------+---------------------------+-------------+------------+--------------+---------+-----------+------+--------------+------------+---------------------+-------------+--------------+
; |CPU                       ; 0 (0)               ; 0 (0)                     ; 0           ; 0          ; 0            ; 0       ; 0         ; 2    ; 0            ; 0          ; |CPU                ; CPU         ; work         ;
+----------------------------+---------------------+---------------------------+-------------+------------+--------------+---------+-----------+------+--------------+------------+---------------------+-------------+--------------+
Note: For table entries with two numbers listed, the numbers in parentheses indicate the number of resources of the given type used by the specific entity alone. The numbers listed outside of parentheses indicate the total resources of the given type used by the specific entity and all of its sub-entities in the hierarchy.


+------------------------------------------------------+
; General Register Statistics                          ;
+----------------------------------------------+-------+
; Statistic                                    ; Value ;
+----------------------------------------------+-------+
; Total registers                              ; 0     ;
; Number of registers using Synchronous Clear  ; 0     ;
; Number of registers using Synchronous Load   ; 0     ;
; Number of registers using Asynchronous Clear ; 0     ;
; Number of registers using Asynchronous Load  ; 0     ;
; Number of registers using Clock Enable       ; 0     ;
; Number of registers using Preset             ; 0     ;
+----------------------------------------------+-------+


+----------------------------------------------------------------------------------------+
; Parameter Settings for User Entity Instance: datapath:path_of_data|Signed_Extender:se6 ;
+----------------+-------+---------------------------------------------------------------+
; Parameter Name ; Value ; Type                                                          ;
+----------------+-------+---------------------------------------------------------------+
; input_size     ; 6     ; Signed Integer                                                ;
+----------------+-------+---------------------------------------------------------------+
Note: In order to hide this table in the UI and the text report file, please set the "Show Parameter Settings in Synthesis Report" option in "Analysis and Synthesis Settings -> More Settings" to "Off".


+----------------------------------------------------------------------------------------+
; Parameter Settings for User Entity Instance: datapath:path_of_data|Signed_Extender:se9 ;
+----------------+-------+---------------------------------------------------------------+
; Parameter Name ; Value ; Type                                                          ;
+----------------+-------+---------------------------------------------------------------+
; input_size     ; 9     ; Signed Integer                                                ;
+----------------+-------+---------------------------------------------------------------+
Note: In order to hide this table in the UI and the text report file, please set the "Show Parameter Settings in Synthesis Report" option in "Analysis and Synthesis Settings -> More Settings" to "Off".


+----------------------------------------------------------------------------------------+
; Parameter Settings for User Entity Instance: datapath:path_of_data|Register_N:reg16_t1 ;
+----------------+-------+---------------------------------------------------------------+
; Parameter Name ; Value ; Type                                                          ;
+----------------+-------+---------------------------------------------------------------+
; size           ; 16    ; Signed Integer                                                ;
+----------------+-------+---------------------------------------------------------------+
Note: In order to hide this table in the UI and the text report file, please set the "Show Parameter Settings in Synthesis Report" option in "Analysis and Synthesis Settings -> More Settings" to "Off".


+----------------------------------------------------------------------------------------+
; Parameter Settings for User Entity Instance: datapath:path_of_data|Register_N:reg16_t2 ;
+----------------+-------+---------------------------------------------------------------+
; Parameter Name ; Value ; Type                                                          ;
+----------------+-------+---------------------------------------------------------------+
; size           ; 16    ; Signed Integer                                                ;
+----------------+-------+---------------------------------------------------------------+
Note: In order to hide this table in the UI and the text report file, please set the "Show Parameter Settings in Synthesis Report" option in "Analysis and Synthesis Settings -> More Settings" to "Off".


+----------------------------------------------------------------------------------------+
; Parameter Settings for User Entity Instance: datapath:path_of_data|Register_N:reg16_t3 ;
+----------------+-------+---------------------------------------------------------------+
; Parameter Name ; Value ; Type                                                          ;
+----------------+-------+---------------------------------------------------------------+
; size           ; 16    ; Signed Integer                                                ;
+----------------+-------+---------------------------------------------------------------+
Note: In order to hide this table in the UI and the text report file, please set the "Show Parameter Settings in Synthesis Report" option in "Analysis and Synthesis Settings -> More Settings" to "Off".


+----------------------------------------------------------------------------------------+
; Parameter Settings for User Entity Instance: datapath:path_of_data|Register_N:reg16_t4 ;
+----------------+-------+---------------------------------------------------------------+
; Parameter Name ; Value ; Type                                                          ;
+----------------+-------+---------------------------------------------------------------+
; size           ; 16    ; Signed Integer                                                ;
+----------------+-------+---------------------------------------------------------------+
Note: In order to hide this table in the UI and the text report file, please set the "Show Parameter Settings in Synthesis Report" option in "Analysis and Synthesis Settings -> More Settings" to "Off".


+------------------------------------------------------------------------------------+
; Parameter Settings for User Entity Instance: datapath:path_of_data|Register_N:reg3 ;
+----------------+-------+-----------------------------------------------------------+
; Parameter Name ; Value ; Type                                                      ;
+----------------+-------+-----------------------------------------------------------+
; size           ; 3     ; Signed Integer                                            ;
+----------------+-------+-----------------------------------------------------------+
Note: In order to hide this table in the UI and the text report file, please set the "Show Parameter Settings in Synthesis Report" option in "Analysis and Synthesis Settings -> More Settings" to "Off".


+--------------------------------------------------------------------------------------------------------------------+
; Parameter Settings for User Entity Instance: datapath:path_of_data|Register_File:rf|Register_N:\register_gen:0:reg ;
+----------------+-------+-------------------------------------------------------------------------------------------+
; Parameter Name ; Value ; Type                                                                                      ;
+----------------+-------+-------------------------------------------------------------------------------------------+
; size           ; 16    ; Signed Integer                                                                            ;
+----------------+-------+-------------------------------------------------------------------------------------------+
Note: In order to hide this table in the UI and the text report file, please set the "Show Parameter Settings in Synthesis Report" option in "Analysis and Synthesis Settings -> More Settings" to "Off".


+--------------------------------------------------------------------------------------------------------------------+
; Parameter Settings for User Entity Instance: datapath:path_of_data|Register_File:rf|Register_N:\register_gen:1:reg ;
+----------------+-------+-------------------------------------------------------------------------------------------+
; Parameter Name ; Value ; Type                                                                                      ;
+----------------+-------+-------------------------------------------------------------------------------------------+
; size           ; 16    ; Signed Integer                                                                            ;
+----------------+-------+-------------------------------------------------------------------------------------------+
Note: In order to hide this table in the UI and the text report file, please set the "Show Parameter Settings in Synthesis Report" option in "Analysis and Synthesis Settings -> More Settings" to "Off".


+--------------------------------------------------------------------------------------------------------------------+
; Parameter Settings for User Entity Instance: datapath:path_of_data|Register_File:rf|Register_N:\register_gen:2:reg ;
+----------------+-------+-------------------------------------------------------------------------------------------+
; Parameter Name ; Value ; Type                                                                                      ;
+----------------+-------+-------------------------------------------------------------------------------------------+
; size           ; 16    ; Signed Integer                                                                            ;
+----------------+-------+-------------------------------------------------------------------------------------------+
Note: In order to hide this table in the UI and the text report file, please set the "Show Parameter Settings in Synthesis Report" option in "Analysis and Synthesis Settings -> More Settings" to "Off".


+--------------------------------------------------------------------------------------------------------------------+
; Parameter Settings for User Entity Instance: datapath:path_of_data|Register_File:rf|Register_N:\register_gen:3:reg ;
+----------------+-------+-------------------------------------------------------------------------------------------+
; Parameter Name ; Value ; Type                                                                                      ;
+----------------+-------+-------------------------------------------------------------------------------------------+
; size           ; 16    ; Signed Integer                                                                            ;
+----------------+-------+-------------------------------------------------------------------------------------------+
Note: In order to hide this table in the UI and the text report file, please set the "Show Parameter Settings in Synthesis Report" option in "Analysis and Synthesis Settings -> More Settings" to "Off".


+--------------------------------------------------------------------------------------------------------------------+
; Parameter Settings for User Entity Instance: datapath:path_of_data|Register_File:rf|Register_N:\register_gen:4:reg ;
+----------------+-------+-------------------------------------------------------------------------------------------+
; Parameter Name ; Value ; Type                                                                                      ;
+----------------+-------+-------------------------------------------------------------------------------------------+
; size           ; 16    ; Signed Integer                                                                            ;
+----------------+-------+-------------------------------------------------------------------------------------------+
Note: In order to hide this table in the UI and the text report file, please set the "Show Parameter Settings in Synthesis Report" option in "Analysis and Synthesis Settings -> More Settings" to "Off".


+--------------------------------------------------------------------------------------------------------------------+
; Parameter Settings for User Entity Instance: datapath:path_of_data|Register_File:rf|Register_N:\register_gen:5:reg ;
+----------------+-------+-------------------------------------------------------------------------------------------+
; Parameter Name ; Value ; Type                                                                                      ;
+----------------+-------+-------------------------------------------------------------------------------------------+
; size           ; 16    ; Signed Integer                                                                            ;
+----------------+-------+-------------------------------------------------------------------------------------------+
Note: In order to hide this table in the UI and the text report file, please set the "Show Parameter Settings in Synthesis Report" option in "Analysis and Synthesis Settings -> More Settings" to "Off".


+--------------------------------------------------------------------------------------------------------------------+
; Parameter Settings for User Entity Instance: datapath:path_of_data|Register_File:rf|Register_N:\register_gen:6:reg ;
+----------------+-------+-------------------------------------------------------------------------------------------+
; Parameter Name ; Value ; Type                                                                                      ;
+----------------+-------+-------------------------------------------------------------------------------------------+
; size           ; 16    ; Signed Integer                                                                            ;
+----------------+-------+-------------------------------------------------------------------------------------------+
Note: In order to hide this table in the UI and the text report file, please set the "Show Parameter Settings in Synthesis Report" option in "Analysis and Synthesis Settings -> More Settings" to "Off".


+--------------------------------------------------------------------------------------------------------------------+
; Parameter Settings for User Entity Instance: datapath:path_of_data|Register_File:rf|Register_N:\register_gen:7:reg ;
+----------------+-------+-------------------------------------------------------------------------------------------+
; Parameter Name ; Value ; Type                                                                                      ;
+----------------+-------+-------------------------------------------------------------------------------------------+
; size           ; 16    ; Signed Integer                                                                            ;
+----------------+-------+-------------------------------------------------------------------------------------------+
Note: In order to hide this table in the UI and the text report file, please set the "Show Parameter Settings in Synthesis Report" option in "Analysis and Synthesis Settings -> More Settings" to "Off".


+----------------------------------------------------------------------------------------------------------------+
; Port Connectivity Checks: "datapath:path_of_data|Decoder_1_To_2:dec1to2"                                       ;
+------+--------+----------+-------------------------------------------------------------------------------------+
; Port ; Type   ; Severity ; Details                                                                             ;
+------+--------+----------+-------------------------------------------------------------------------------------+
; i    ; Input  ; Info     ; Stuck at GND                                                                        ;
; o    ; Output ; Info     ; Connected to dangling logic. Logic that only feeds a dangling port will be removed. ;
+------+--------+----------+-------------------------------------------------------------------------------------+


+----------------------------------------------------------------------------------------------------------------+
; Port Connectivity Checks: "datapath:path_of_data|Decoder_2_To_4:dec2to4"                                       ;
+------+--------+----------+-------------------------------------------------------------------------------------+
; Port ; Type   ; Severity ; Details                                                                             ;
+------+--------+----------+-------------------------------------------------------------------------------------+
; i    ; Input  ; Info     ; Stuck at GND                                                                        ;
; o    ; Output ; Info     ; Connected to dangling logic. Logic that only feeds a dangling port will be removed. ;
+------+--------+----------+-------------------------------------------------------------------------------------+


+----------------------------------------------------------------------------------------------------------------+
; Port Connectivity Checks: "datapath:path_of_data|Decoder_3_To_8:dec3to8"                                       ;
+------+--------+----------+-------------------------------------------------------------------------------------+
; Port ; Type   ; Severity ; Details                                                                             ;
+------+--------+----------+-------------------------------------------------------------------------------------+
; i    ; Input  ; Info     ; Stuck at GND                                                                        ;
; o    ; Output ; Info     ; Connected to dangling logic. Logic that only feeds a dangling port will be removed. ;
+------+--------+----------+-------------------------------------------------------------------------------------+


+-----------------------------------------------------+
; Post-Synthesis Netlist Statistics for Top Partition ;
+-------------------+---------------------------------+
; Type              ; Count                           ;
+-------------------+---------------------------------+
; boundary_port     ; 2                               ;
;                   ;                                 ;
; Max LUT depth     ; 0.00                            ;
; Average LUT depth ; 0.00                            ;
+-------------------+---------------------------------+


+-------------------------------+
; Elapsed Time Per Partition    ;
+----------------+--------------+
; Partition Name ; Elapsed Time ;
+----------------+--------------+
; Top            ; 00:00:00     ;
+----------------+--------------+


+-------------------------------+
; Analysis & Synthesis Messages ;
+-------------------------------+
Info: *******************************************************************
Info: Running Quartus Prime Analysis & Synthesis
    Info: Version 18.1.0 Build 625 09/12/2018 SJ Lite Edition
    Info: Processing started: Mon Dec 04 10:29:50 2023
Info: Command: quartus_map --read_settings_files=on --write_settings_files=off CPU -c CPU
Warning (18236): Number of processors has not been specified which may cause overloading on shared machines.  Set the global assignment NUM_PARALLEL_PROCESSORS in your QSF to an appropriate value for best performance.
Info (20030): Parallel compilation is enabled and will use 14 of the 14 processors detected
Info (12021): Found 2 design units, including 1 entities, in source file signed_extender.vhd
    Info (12022): Found design unit 1: Signed_Extender-Struct File: C:/Users/Lenovo/OneDrive/Documents/EE214_Digital_Lab/Test/EE224_CPU-IITB/CPU/CPU/Signed_Extender.vhd Line: 10
    Info (12023): Found entity 1: Signed_Extender File: C:/Users/Lenovo/OneDrive/Documents/EE214_Digital_Lab/Test/EE224_CPU-IITB/CPU/CPU/Signed_Extender.vhd Line: 4
Info (12021): Found 2 design units, including 1 entities, in source file register.vhd
    Info (12022): Found design unit 1: Register_N-Behavioural File: C:/Users/Lenovo/OneDrive/Documents/EE214_Digital_Lab/Test/EE224_CPU-IITB/CPU/CPU/Register.vhd Line: 15
    Info (12023): Found entity 1: Register_N File: C:/Users/Lenovo/OneDrive/Documents/EE214_Digital_Lab/Test/EE224_CPU-IITB/CPU/CPU/Register.vhd Line: 6
Info (12021): Found 2 design units, including 1 entities, in source file programmer_register.vhd
    Info (12022): Found design unit 1: Register_File-Behavioural File: C:/Users/Lenovo/OneDrive/Documents/EE214_Digital_Lab/Test/EE224_CPU-IITB/CPU/CPU/Programmer_Register.vhd Line: 15
    Info (12023): Found entity 1: Register_File File: C:/Users/Lenovo/OneDrive/Documents/EE214_Digital_Lab/Test/EE224_CPU-IITB/CPU/CPU/Programmer_Register.vhd Line: 8
Info (12021): Found 2 design units, including 1 entities, in source file memory.vhd
    Info (12022): Found design unit 1: Memory-Behavioural File: C:/Users/Lenovo/OneDrive/Documents/EE214_Digital_Lab/Test/EE224_CPU-IITB/CPU/CPU/Memory.vhd Line: 13
    Info (12023): Found entity 1: Memory File: C:/Users/Lenovo/OneDrive/Documents/EE214_Digital_Lab/Test/EE224_CPU-IITB/CPU/CPU/Memory.vhd Line: 5
Info (12021): Found 2 design units, including 1 entities, in source file left_shifter.vhd
    Info (12022): Found design unit 1: Left_Shifter-Struct File: C:/Users/Lenovo/OneDrive/Documents/EE214_Digital_Lab/Test/EE224_CPU-IITB/CPU/CPU/Left_Shifter.vhd Line: 10
    Info (12023): Found entity 1: Left_Shifter File: C:/Users/Lenovo/OneDrive/Documents/EE214_Digital_Lab/Test/EE224_CPU-IITB/CPU/CPU/Left_Shifter.vhd Line: 5
Info (12021): Found 4 design units, including 1 entities, in source file generic_mux.vhd
    Info (12022): Found design unit 1: mux_p File: C:/Users/Lenovo/OneDrive/Documents/EE214_Digital_Lab/Test/EE224_CPU-IITB/CPU/CPU/Generic_Mux.vhd Line: 4
    Info (12022): Found design unit 2: mux_p-body File: C:/Users/Lenovo/OneDrive/Documents/EE214_Digital_Lab/Test/EE224_CPU-IITB/CPU/CPU/Generic_Mux.vhd Line: 8
    Info (12022): Found design unit 3: N_Sel_Mux-syn File: C:/Users/Lenovo/OneDrive/Documents/EE214_Digital_Lab/Test/EE224_CPU-IITB/CPU/CPU/Generic_Mux.vhd Line: 26
    Info (12023): Found entity 1: N_Sel_Mux File: C:/Users/Lenovo/OneDrive/Documents/EE214_Digital_Lab/Test/EE224_CPU-IITB/CPU/CPU/Generic_Mux.vhd Line: 17
Info (12021): Found 2 design units, including 1 entities, in source file fsm.vhd
    Info (12022): Found design unit 1: FSM-control File: C:/Users/Lenovo/OneDrive/Documents/EE214_Digital_Lab/Test/EE224_CPU-IITB/CPU/CPU/FSM.vhd Line: 13
    Info (12023): Found entity 1: FSM File: C:/Users/Lenovo/OneDrive/Documents/EE214_Digital_Lab/Test/EE224_CPU-IITB/CPU/CPU/FSM.vhd Line: 5
Info (12021): Found 2 design units, including 1 entities, in source file decoder_3_to_8.vhdl
    Info (12022): Found design unit 1: Decoder_3_To_8-dec File: C:/Users/Lenovo/OneDrive/Documents/EE214_Digital_Lab/Test/EE224_CPU-IITB/CPU/CPU/Decoder_3_To_8.vhdl Line: 10
    Info (12023): Found entity 1: Decoder_3_To_8 File: C:/Users/Lenovo/OneDrive/Documents/EE214_Digital_Lab/Test/EE224_CPU-IITB/CPU/CPU/Decoder_3_To_8.vhdl Line: 4
Info (12021): Found 2 design units, including 1 entities, in source file decoder_2_to_4.vhdl
    Info (12022): Found design unit 1: Decoder_2_To_4-dec File: C:/Users/Lenovo/OneDrive/Documents/EE214_Digital_Lab/Test/EE224_CPU-IITB/CPU/CPU/Decoder_2_To_4.vhdl Line: 10
    Info (12023): Found entity 1: Decoder_2_To_4 File: C:/Users/Lenovo/OneDrive/Documents/EE214_Digital_Lab/Test/EE224_CPU-IITB/CPU/CPU/Decoder_2_To_4.vhdl Line: 4
Info (12021): Found 2 design units, including 1 entities, in source file decoder_1_to_2.vhdl
    Info (12022): Found design unit 1: Decoder_1_To_2-dec File: C:/Users/Lenovo/OneDrive/Documents/EE214_Digital_Lab/Test/EE224_CPU-IITB/CPU/CPU/Decoder_1_To_2.vhdl Line: 10
    Info (12023): Found entity 1: Decoder_1_To_2 File: C:/Users/Lenovo/OneDrive/Documents/EE214_Digital_Lab/Test/EE224_CPU-IITB/CPU/CPU/Decoder_1_To_2.vhdl Line: 4
Info (12021): Found 2 design units, including 1 entities, in source file datapath.vhd
    Info (12022): Found design unit 1: datapath-path File: C:/Users/Lenovo/OneDrive/Documents/EE214_Digital_Lab/Test/EE224_CPU-IITB/CPU/CPU/datapath.vhd Line: 11
    Info (12023): Found entity 1: datapath File: C:/Users/Lenovo/OneDrive/Documents/EE214_Digital_Lab/Test/EE224_CPU-IITB/CPU/CPU/datapath.vhd Line: 4
Info (12021): Found 2 design units, including 1 entities, in source file alu.vhd
    Info (12022): Found design unit 1: ALU-Struct File: C:/Users/Lenovo/OneDrive/Documents/EE214_Digital_Lab/Test/EE224_CPU-IITB/CPU/CPU/ALU.vhd Line: 24
    Info (12023): Found entity 1: ALU File: C:/Users/Lenovo/OneDrive/Documents/EE214_Digital_Lab/Test/EE224_CPU-IITB/CPU/CPU/ALU.vhd Line: 5
Info (12021): Found 2 design units, including 1 entities, in source file cpu.vhd
    Info (12022): Found design unit 1: CPU-iitb_cpu File: C:/Users/Lenovo/OneDrive/Documents/EE214_Digital_Lab/Test/EE224_CPU-IITB/CPU/CPU/CPU.vhd Line: 8
    Info (12023): Found entity 1: CPU File: C:/Users/Lenovo/OneDrive/Documents/EE214_Digital_Lab/Test/EE224_CPU-IITB/CPU/CPU/CPU.vhd Line: 4
Info (12021): Found 2 design units, including 1 entities, in source file testbench.vhd
    Info (12022): Found design unit 1: Testbench-Behavioural File: C:/Users/Lenovo/OneDrive/Documents/EE214_Digital_Lab/Test/EE224_CPU-IITB/CPU/CPU/Testbench.vhd Line: 7
    Info (12023): Found entity 1: Testbench File: C:/Users/Lenovo/OneDrive/Documents/EE214_Digital_Lab/Test/EE224_CPU-IITB/CPU/CPU/Testbench.vhd Line: 4
Info (12127): Elaborating entity "CPU" for the top level hierarchy
Info (12128): Elaborating entity "datapath" for hierarchy "datapath:path_of_data" File: C:/Users/Lenovo/OneDrive/Documents/EE214_Digital_Lab/Test/EE224_CPU-IITB/CPU/CPU/CPU.vhd Line: 28
Warning (10036): Verilog HDL or VHDL warning at datapath.vhd(90): object "o_de38" assigned a value but never read File: C:/Users/Lenovo/OneDrive/Documents/EE214_Digital_Lab/Test/EE224_CPU-IITB/CPU/CPU/datapath.vhd Line: 90
Warning (10036): Verilog HDL or VHDL warning at datapath.vhd(93): object "o_de24" assigned a value but never read File: C:/Users/Lenovo/OneDrive/Documents/EE214_Digital_Lab/Test/EE224_CPU-IITB/CPU/CPU/datapath.vhd Line: 93
Warning (10036): Verilog HDL or VHDL warning at datapath.vhd(94): object "o_de12" assigned a value but never read File: C:/Users/Lenovo/OneDrive/Documents/EE214_Digital_Lab/Test/EE224_CPU-IITB/CPU/CPU/datapath.vhd Line: 94
Warning (10492): VHDL Process Statement warning at datapath.vhd(215): signal "o_reg3" is read inside the Process Statement but isn't in the Process Statement's sensitivity list File: C:/Users/Lenovo/OneDrive/Documents/EE214_Digital_Lab/Test/EE224_CPU-IITB/CPU/CPU/datapath.vhd Line: 215
Warning (10631): VHDL Process Statement warning at datapath.vhd(145): inferring latch(es) for signal or variable "mem_addr", which holds its previous value in one or more paths through the process File: C:/Users/Lenovo/OneDrive/Documents/EE214_Digital_Lab/Test/EE224_CPU-IITB/CPU/CPU/datapath.vhd Line: 145
Warning (10631): VHDL Process Statement warning at datapath.vhd(145): inferring latch(es) for signal or variable "wenable_rf", which holds its previous value in one or more paths through the process File: C:/Users/Lenovo/OneDrive/Documents/EE214_Digital_Lab/Test/EE224_CPU-IITB/CPU/CPU/datapath.vhd Line: 145
Warning (10631): VHDL Process Statement warning at datapath.vhd(145): inferring latch(es) for signal or variable "wenable_reg3", which holds its previous value in one or more paths through the process File: C:/Users/Lenovo/OneDrive/Documents/EE214_Digital_Lab/Test/EE224_CPU-IITB/CPU/CPU/datapath.vhd Line: 145
Warning (10631): VHDL Process Statement warning at datapath.vhd(145): inferring latch(es) for signal or variable "wenable_reg16", which holds its previous value in one or more paths through the process File: C:/Users/Lenovo/OneDrive/Documents/EE214_Digital_Lab/Test/EE224_CPU-IITB/CPU/CPU/datapath.vhd Line: 145
Warning (10631): VHDL Process Statement warning at datapath.vhd(145): inferring latch(es) for signal or variable "wenable_reg16_2", which holds its previous value in one or more paths through the process File: C:/Users/Lenovo/OneDrive/Documents/EE214_Digital_Lab/Test/EE224_CPU-IITB/CPU/CPU/datapath.vhd Line: 145
Warning (10631): VHDL Process Statement warning at datapath.vhd(145): inferring latch(es) for signal or variable "wenable_reg16_3", which holds its previous value in one or more paths through the process File: C:/Users/Lenovo/OneDrive/Documents/EE214_Digital_Lab/Test/EE224_CPU-IITB/CPU/CPU/datapath.vhd Line: 145
Warning (10631): VHDL Process Statement warning at datapath.vhd(145): inferring latch(es) for signal or variable "wenable_reg16_4", which holds its previous value in one or more paths through the process File: C:/Users/Lenovo/OneDrive/Documents/EE214_Digital_Lab/Test/EE224_CPU-IITB/CPU/CPU/datapath.vhd Line: 145
Warning (10631): VHDL Process Statement warning at datapath.vhd(145): inferring latch(es) for signal or variable "m_rd", which holds its previous value in one or more paths through the process File: C:/Users/Lenovo/OneDrive/Documents/EE214_Digital_Lab/Test/EE224_CPU-IITB/CPU/CPU/datapath.vhd Line: 145
Warning (10631): VHDL Process Statement warning at datapath.vhd(145): inferring latch(es) for signal or variable "m_wr", which holds its previous value in one or more paths through the process File: C:/Users/Lenovo/OneDrive/Documents/EE214_Digital_Lab/Test/EE224_CPU-IITB/CPU/CPU/datapath.vhd Line: 145
Warning (10631): VHDL Process Statement warning at datapath.vhd(145): inferring latch(es) for signal or variable "i_reg16_2", which holds its previous value in one or more paths through the process File: C:/Users/Lenovo/OneDrive/Documents/EE214_Digital_Lab/Test/EE224_CPU-IITB/CPU/CPU/datapath.vhd Line: 145
Warning (10631): VHDL Process Statement warning at datapath.vhd(145): inferring latch(es) for signal or variable "i_reg16_3", which holds its previous value in one or more paths through the process File: C:/Users/Lenovo/OneDrive/Documents/EE214_Digital_Lab/Test/EE224_CPU-IITB/CPU/CPU/datapath.vhd Line: 145
Warning (10631): VHDL Process Statement warning at datapath.vhd(145): inferring latch(es) for signal or variable "i_reg16_4", which holds its previous value in one or more paths through the process File: C:/Users/Lenovo/OneDrive/Documents/EE214_Digital_Lab/Test/EE224_CPU-IITB/CPU/CPU/datapath.vhd Line: 145
Warning (10631): VHDL Process Statement warning at datapath.vhd(145): inferring latch(es) for signal or variable "mem_in", which holds its previous value in one or more paths through the process File: C:/Users/Lenovo/OneDrive/Documents/EE214_Digital_Lab/Test/EE224_CPU-IITB/CPU/CPU/datapath.vhd Line: 145
Warning (10631): VHDL Process Statement warning at datapath.vhd(145): inferring latch(es) for signal or variable "z_in", which holds its previous value in one or more paths through the process File: C:/Users/Lenovo/OneDrive/Documents/EE214_Digital_Lab/Test/EE224_CPU-IITB/CPU/CPU/datapath.vhd Line: 145
Info (10041): Inferred latch for "z_in" at datapath.vhd(145) File: C:/Users/Lenovo/OneDrive/Documents/EE214_Digital_Lab/Test/EE224_CPU-IITB/CPU/CPU/datapath.vhd Line: 145
Info (10041): Inferred latch for "mem_in[0]" at datapath.vhd(145) File: C:/Users/Lenovo/OneDrive/Documents/EE214_Digital_Lab/Test/EE224_CPU-IITB/CPU/CPU/datapath.vhd Line: 145
Info (10041): Inferred latch for "mem_in[1]" at datapath.vhd(145) File: C:/Users/Lenovo/OneDrive/Documents/EE214_Digital_Lab/Test/EE224_CPU-IITB/CPU/CPU/datapath.vhd Line: 145
Info (10041): Inferred latch for "mem_in[2]" at datapath.vhd(145) File: C:/Users/Lenovo/OneDrive/Documents/EE214_Digital_Lab/Test/EE224_CPU-IITB/CPU/CPU/datapath.vhd Line: 145
Info (10041): Inferred latch for "mem_in[3]" at datapath.vhd(145) File: C:/Users/Lenovo/OneDrive/Documents/EE214_Digital_Lab/Test/EE224_CPU-IITB/CPU/CPU/datapath.vhd Line: 145
Info (10041): Inferred latch for "mem_in[4]" at datapath.vhd(145) File: C:/Users/Lenovo/OneDrive/Documents/EE214_Digital_Lab/Test/EE224_CPU-IITB/CPU/CPU/datapath.vhd Line: 145
Info (10041): Inferred latch for "mem_in[5]" at datapath.vhd(145) File: C:/Users/Lenovo/OneDrive/Documents/EE214_Digital_Lab/Test/EE224_CPU-IITB/CPU/CPU/datapath.vhd Line: 145
Info (10041): Inferred latch for "mem_in[6]" at datapath.vhd(145) File: C:/Users/Lenovo/OneDrive/Documents/EE214_Digital_Lab/Test/EE224_CPU-IITB/CPU/CPU/datapath.vhd Line: 145
Info (10041): Inferred latch for "mem_in[7]" at datapath.vhd(145) File: C:/Users/Lenovo/OneDrive/Documents/EE214_Digital_Lab/Test/EE224_CPU-IITB/CPU/CPU/datapath.vhd Line: 145
Info (10041): Inferred latch for "mem_in[8]" at datapath.vhd(145) File: C:/Users/Lenovo/OneDrive/Documents/EE214_Digital_Lab/Test/EE224_CPU-IITB/CPU/CPU/datapath.vhd Line: 145
Info (10041): Inferred latch for "mem_in[9]" at datapath.vhd(145) File: C:/Users/Lenovo/OneDrive/Documents/EE214_Digital_Lab/Test/EE224_CPU-IITB/CPU/CPU/datapath.vhd Line: 145
Info (10041): Inferred latch for "mem_in[10]" at datapath.vhd(145) File: C:/Users/Lenovo/OneDrive/Documents/EE214_Digital_Lab/Test/EE224_CPU-IITB/CPU/CPU/datapath.vhd Line: 145
Info (10041): Inferred latch for "mem_in[11]" at datapath.vhd(145) File: C:/Users/Lenovo/OneDrive/Documents/EE214_Digital_Lab/Test/EE224_CPU-IITB/CPU/CPU/datapath.vhd Line: 145
Info (10041): Inferred latch for "mem_in[12]" at datapath.vhd(145) File: C:/Users/Lenovo/OneDrive/Documents/EE214_Digital_Lab/Test/EE224_CPU-IITB/CPU/CPU/datapath.vhd Line: 145
Info (10041): Inferred latch for "mem_in[13]" at datapath.vhd(145) File: C:/Users/Lenovo/OneDrive/Documents/EE214_Digital_Lab/Test/EE224_CPU-IITB/CPU/CPU/datapath.vhd Line: 145
Info (10041): Inferred latch for "mem_in[14]" at datapath.vhd(145) File: C:/Users/Lenovo/OneDrive/Documents/EE214_Digital_Lab/Test/EE224_CPU-IITB/CPU/CPU/datapath.vhd Line: 145
Info (10041): Inferred latch for "mem_in[15]" at datapath.vhd(145) File: C:/Users/Lenovo/OneDrive/Documents/EE214_Digital_Lab/Test/EE224_CPU-IITB/CPU/CPU/datapath.vhd Line: 145
Info (10041): Inferred latch for "i_reg16_4[0]" at datapath.vhd(145) File: C:/Users/Lenovo/OneDrive/Documents/EE214_Digital_Lab/Test/EE224_CPU-IITB/CPU/CPU/datapath.vhd Line: 145
Info (10041): Inferred latch for "i_reg16_4[1]" at datapath.vhd(145) File: C:/Users/Lenovo/OneDrive/Documents/EE214_Digital_Lab/Test/EE224_CPU-IITB/CPU/CPU/datapath.vhd Line: 145
Info (10041): Inferred latch for "i_reg16_4[2]" at datapath.vhd(145) File: C:/Users/Lenovo/OneDrive/Documents/EE214_Digital_Lab/Test/EE224_CPU-IITB/CPU/CPU/datapath.vhd Line: 145
Info (10041): Inferred latch for "i_reg16_4[3]" at datapath.vhd(145) File: C:/Users/Lenovo/OneDrive/Documents/EE214_Digital_Lab/Test/EE224_CPU-IITB/CPU/CPU/datapath.vhd Line: 145
Info (10041): Inferred latch for "i_reg16_4[4]" at datapath.vhd(145) File: C:/Users/Lenovo/OneDrive/Documents/EE214_Digital_Lab/Test/EE224_CPU-IITB/CPU/CPU/datapath.vhd Line: 145
Info (10041): Inferred latch for "i_reg16_4[5]" at datapath.vhd(145) File: C:/Users/Lenovo/OneDrive/Documents/EE214_Digital_Lab/Test/EE224_CPU-IITB/CPU/CPU/datapath.vhd Line: 145
Info (10041): Inferred latch for "i_reg16_4[6]" at datapath.vhd(145) File: C:/Users/Lenovo/OneDrive/Documents/EE214_Digital_Lab/Test/EE224_CPU-IITB/CPU/CPU/datapath.vhd Line: 145
Info (10041): Inferred latch for "i_reg16_4[7]" at datapath.vhd(145) File: C:/Users/Lenovo/OneDrive/Documents/EE214_Digital_Lab/Test/EE224_CPU-IITB/CPU/CPU/datapath.vhd Line: 145
Info (10041): Inferred latch for "i_reg16_4[8]" at datapath.vhd(145) File: C:/Users/Lenovo/OneDrive/Documents/EE214_Digital_Lab/Test/EE224_CPU-IITB/CPU/CPU/datapath.vhd Line: 145
Info (10041): Inferred latch for "i_reg16_4[9]" at datapath.vhd(145) File: C:/Users/Lenovo/OneDrive/Documents/EE214_Digital_Lab/Test/EE224_CPU-IITB/CPU/CPU/datapath.vhd Line: 145
Info (10041): Inferred latch for "i_reg16_4[10]" at datapath.vhd(145) File: C:/Users/Lenovo/OneDrive/Documents/EE214_Digital_Lab/Test/EE224_CPU-IITB/CPU/CPU/datapath.vhd Line: 145
Info (10041): Inferred latch for "i_reg16_4[11]" at datapath.vhd(145) File: C:/Users/Lenovo/OneDrive/Documents/EE214_Digital_Lab/Test/EE224_CPU-IITB/CPU/CPU/datapath.vhd Line: 145
Info (10041): Inferred latch for "i_reg16_4[12]" at datapath.vhd(145) File: C:/Users/Lenovo/OneDrive/Documents/EE214_Digital_Lab/Test/EE224_CPU-IITB/CPU/CPU/datapath.vhd Line: 145
Info (10041): Inferred latch for "i_reg16_4[13]" at datapath.vhd(145) File: C:/Users/Lenovo/OneDrive/Documents/EE214_Digital_Lab/Test/EE224_CPU-IITB/CPU/CPU/datapath.vhd Line: 145
Info (10041): Inferred latch for "i_reg16_4[14]" at datapath.vhd(145) File: C:/Users/Lenovo/OneDrive/Documents/EE214_Digital_Lab/Test/EE224_CPU-IITB/CPU/CPU/datapath.vhd Line: 145
Info (10041): Inferred latch for "i_reg16_4[15]" at datapath.vhd(145) File: C:/Users/Lenovo/OneDrive/Documents/EE214_Digital_Lab/Test/EE224_CPU-IITB/CPU/CPU/datapath.vhd Line: 145
Info (10041): Inferred latch for "i_reg16_3[0]" at datapath.vhd(145) File: C:/Users/Lenovo/OneDrive/Documents/EE214_Digital_Lab/Test/EE224_CPU-IITB/CPU/CPU/datapath.vhd Line: 145
Info (10041): Inferred latch for "i_reg16_3[1]" at datapath.vhd(145) File: C:/Users/Lenovo/OneDrive/Documents/EE214_Digital_Lab/Test/EE224_CPU-IITB/CPU/CPU/datapath.vhd Line: 145
Info (10041): Inferred latch for "i_reg16_3[2]" at datapath.vhd(145) File: C:/Users/Lenovo/OneDrive/Documents/EE214_Digital_Lab/Test/EE224_CPU-IITB/CPU/CPU/datapath.vhd Line: 145
Info (10041): Inferred latch for "i_reg16_3[3]" at datapath.vhd(145) File: C:/Users/Lenovo/OneDrive/Documents/EE214_Digital_Lab/Test/EE224_CPU-IITB/CPU/CPU/datapath.vhd Line: 145
Info (10041): Inferred latch for "i_reg16_3[4]" at datapath.vhd(145) File: C:/Users/Lenovo/OneDrive/Documents/EE214_Digital_Lab/Test/EE224_CPU-IITB/CPU/CPU/datapath.vhd Line: 145
Info (10041): Inferred latch for "i_reg16_3[5]" at datapath.vhd(145) File: C:/Users/Lenovo/OneDrive/Documents/EE214_Digital_Lab/Test/EE224_CPU-IITB/CPU/CPU/datapath.vhd Line: 145
Info (10041): Inferred latch for "i_reg16_3[6]" at datapath.vhd(145) File: C:/Users/Lenovo/OneDrive/Documents/EE214_Digital_Lab/Test/EE224_CPU-IITB/CPU/CPU/datapath.vhd Line: 145
Info (10041): Inferred latch for "i_reg16_3[7]" at datapath.vhd(145) File: C:/Users/Lenovo/OneDrive/Documents/EE214_Digital_Lab/Test/EE224_CPU-IITB/CPU/CPU/datapath.vhd Line: 145
Info (10041): Inferred latch for "i_reg16_3[8]" at datapath.vhd(145) File: C:/Users/Lenovo/OneDrive/Documents/EE214_Digital_Lab/Test/EE224_CPU-IITB/CPU/CPU/datapath.vhd Line: 145
Info (10041): Inferred latch for "i_reg16_3[9]" at datapath.vhd(145) File: C:/Users/Lenovo/OneDrive/Documents/EE214_Digital_Lab/Test/EE224_CPU-IITB/CPU/CPU/datapath.vhd Line: 145
Info (10041): Inferred latch for "i_reg16_3[10]" at datapath.vhd(145) File: C:/Users/Lenovo/OneDrive/Documents/EE214_Digital_Lab/Test/EE224_CPU-IITB/CPU/CPU/datapath.vhd Line: 145
Info (10041): Inferred latch for "i_reg16_3[11]" at datapath.vhd(145) File: C:/Users/Lenovo/OneDrive/Documents/EE214_Digital_Lab/Test/EE224_CPU-IITB/CPU/CPU/datapath.vhd Line: 145
Info (10041): Inferred latch for "i_reg16_3[12]" at datapath.vhd(145) File: C:/Users/Lenovo/OneDrive/Documents/EE214_Digital_Lab/Test/EE224_CPU-IITB/CPU/CPU/datapath.vhd Line: 145
Info (10041): Inferred latch for "i_reg16_3[13]" at datapath.vhd(145) File: C:/Users/Lenovo/OneDrive/Documents/EE214_Digital_Lab/Test/EE224_CPU-IITB/CPU/CPU/datapath.vhd Line: 145
Info (10041): Inferred latch for "i_reg16_3[14]" at datapath.vhd(145) File: C:/Users/Lenovo/OneDrive/Documents/EE214_Digital_Lab/Test/EE224_CPU-IITB/CPU/CPU/datapath.vhd Line: 145
Info (10041): Inferred latch for "i_reg16_3[15]" at datapath.vhd(145) File: C:/Users/Lenovo/OneDrive/Documents/EE214_Digital_Lab/Test/EE224_CPU-IITB/CPU/CPU/datapath.vhd Line: 145
Info (10041): Inferred latch for "i_reg16_2[0]" at datapath.vhd(145) File: C:/Users/Lenovo/OneDrive/Documents/EE214_Digital_Lab/Test/EE224_CPU-IITB/CPU/CPU/datapath.vhd Line: 145
Info (10041): Inferred latch for "i_reg16_2[1]" at datapath.vhd(145) File: C:/Users/Lenovo/OneDrive/Documents/EE214_Digital_Lab/Test/EE224_CPU-IITB/CPU/CPU/datapath.vhd Line: 145
Info (10041): Inferred latch for "i_reg16_2[2]" at datapath.vhd(145) File: C:/Users/Lenovo/OneDrive/Documents/EE214_Digital_Lab/Test/EE224_CPU-IITB/CPU/CPU/datapath.vhd Line: 145
Info (10041): Inferred latch for "i_reg16_2[3]" at datapath.vhd(145) File: C:/Users/Lenovo/OneDrive/Documents/EE214_Digital_Lab/Test/EE224_CPU-IITB/CPU/CPU/datapath.vhd Line: 145
Info (10041): Inferred latch for "i_reg16_2[4]" at datapath.vhd(145) File: C:/Users/Lenovo/OneDrive/Documents/EE214_Digital_Lab/Test/EE224_CPU-IITB/CPU/CPU/datapath.vhd Line: 145
Info (10041): Inferred latch for "i_reg16_2[5]" at datapath.vhd(145) File: C:/Users/Lenovo/OneDrive/Documents/EE214_Digital_Lab/Test/EE224_CPU-IITB/CPU/CPU/datapath.vhd Line: 145
Info (10041): Inferred latch for "i_reg16_2[6]" at datapath.vhd(145) File: C:/Users/Lenovo/OneDrive/Documents/EE214_Digital_Lab/Test/EE224_CPU-IITB/CPU/CPU/datapath.vhd Line: 145
Info (10041): Inferred latch for "i_reg16_2[7]" at datapath.vhd(145) File: C:/Users/Lenovo/OneDrive/Documents/EE214_Digital_Lab/Test/EE224_CPU-IITB/CPU/CPU/datapath.vhd Line: 145
Info (10041): Inferred latch for "i_reg16_2[8]" at datapath.vhd(145) File: C:/Users/Lenovo/OneDrive/Documents/EE214_Digital_Lab/Test/EE224_CPU-IITB/CPU/CPU/datapath.vhd Line: 145
Info (10041): Inferred latch for "i_reg16_2[9]" at datapath.vhd(145) File: C:/Users/Lenovo/OneDrive/Documents/EE214_Digital_Lab/Test/EE224_CPU-IITB/CPU/CPU/datapath.vhd Line: 145
Info (10041): Inferred latch for "i_reg16_2[10]" at datapath.vhd(145) File: C:/Users/Lenovo/OneDrive/Documents/EE214_Digital_Lab/Test/EE224_CPU-IITB/CPU/CPU/datapath.vhd Line: 145
Info (10041): Inferred latch for "i_reg16_2[11]" at datapath.vhd(145) File: C:/Users/Lenovo/OneDrive/Documents/EE214_Digital_Lab/Test/EE224_CPU-IITB/CPU/CPU/datapath.vhd Line: 145
Info (10041): Inferred latch for "i_reg16_2[12]" at datapath.vhd(145) File: C:/Users/Lenovo/OneDrive/Documents/EE214_Digital_Lab/Test/EE224_CPU-IITB/CPU/CPU/datapath.vhd Line: 145
Info (10041): Inferred latch for "i_reg16_2[13]" at datapath.vhd(145) File: C:/Users/Lenovo/OneDrive/Documents/EE214_Digital_Lab/Test/EE224_CPU-IITB/CPU/CPU/datapath.vhd Line: 145
Info (10041): Inferred latch for "i_reg16_2[14]" at datapath.vhd(145) File: C:/Users/Lenovo/OneDrive/Documents/EE214_Digital_Lab/Test/EE224_CPU-IITB/CPU/CPU/datapath.vhd Line: 145
Info (10041): Inferred latch for "i_reg16_2[15]" at datapath.vhd(145) File: C:/Users/Lenovo/OneDrive/Documents/EE214_Digital_Lab/Test/EE224_CPU-IITB/CPU/CPU/datapath.vhd Line: 145
Info (10041): Inferred latch for "m_wr" at datapath.vhd(145) File: C:/Users/Lenovo/OneDrive/Documents/EE214_Digital_Lab/Test/EE224_CPU-IITB/CPU/CPU/datapath.vhd Line: 145
Info (10041): Inferred latch for "m_rd" at datapath.vhd(145) File: C:/Users/Lenovo/OneDrive/Documents/EE214_Digital_Lab/Test/EE224_CPU-IITB/CPU/CPU/datapath.vhd Line: 145
Info (10041): Inferred latch for "wenable_reg16_4" at datapath.vhd(145) File: C:/Users/Lenovo/OneDrive/Documents/EE214_Digital_Lab/Test/EE224_CPU-IITB/CPU/CPU/datapath.vhd Line: 145
Info (10041): Inferred latch for "wenable_reg16_3" at datapath.vhd(145) File: C:/Users/Lenovo/OneDrive/Documents/EE214_Digital_Lab/Test/EE224_CPU-IITB/CPU/CPU/datapath.vhd Line: 145
Info (10041): Inferred latch for "wenable_reg16_2" at datapath.vhd(145) File: C:/Users/Lenovo/OneDrive/Documents/EE214_Digital_Lab/Test/EE224_CPU-IITB/CPU/CPU/datapath.vhd Line: 145
Info (10041): Inferred latch for "wenable_reg16" at datapath.vhd(145) File: C:/Users/Lenovo/OneDrive/Documents/EE214_Digital_Lab/Test/EE224_CPU-IITB/CPU/CPU/datapath.vhd Line: 145
Info (10041): Inferred latch for "wenable_reg3" at datapath.vhd(145) File: C:/Users/Lenovo/OneDrive/Documents/EE214_Digital_Lab/Test/EE224_CPU-IITB/CPU/CPU/datapath.vhd Line: 145
Info (10041): Inferred latch for "wenable_rf" at datapath.vhd(145) File: C:/Users/Lenovo/OneDrive/Documents/EE214_Digital_Lab/Test/EE224_CPU-IITB/CPU/CPU/datapath.vhd Line: 145
Info (10041): Inferred latch for "mem_addr[0]" at datapath.vhd(145) File: C:/Users/Lenovo/OneDrive/Documents/EE214_Digital_Lab/Test/EE224_CPU-IITB/CPU/CPU/datapath.vhd Line: 145
Info (10041): Inferred latch for "mem_addr[1]" at datapath.vhd(145) File: C:/Users/Lenovo/OneDrive/Documents/EE214_Digital_Lab/Test/EE224_CPU-IITB/CPU/CPU/datapath.vhd Line: 145
Info (10041): Inferred latch for "mem_addr[2]" at datapath.vhd(145) File: C:/Users/Lenovo/OneDrive/Documents/EE214_Digital_Lab/Test/EE224_CPU-IITB/CPU/CPU/datapath.vhd Line: 145
Info (10041): Inferred latch for "mem_addr[3]" at datapath.vhd(145) File: C:/Users/Lenovo/OneDrive/Documents/EE214_Digital_Lab/Test/EE224_CPU-IITB/CPU/CPU/datapath.vhd Line: 145
Info (10041): Inferred latch for "mem_addr[4]" at datapath.vhd(145) File: C:/Users/Lenovo/OneDrive/Documents/EE214_Digital_Lab/Test/EE224_CPU-IITB/CPU/CPU/datapath.vhd Line: 145
Info (10041): Inferred latch for "mem_addr[5]" at datapath.vhd(145) File: C:/Users/Lenovo/OneDrive/Documents/EE214_Digital_Lab/Test/EE224_CPU-IITB/CPU/CPU/datapath.vhd Line: 145
Info (10041): Inferred latch for "mem_addr[6]" at datapath.vhd(145) File: C:/Users/Lenovo/OneDrive/Documents/EE214_Digital_Lab/Test/EE224_CPU-IITB/CPU/CPU/datapath.vhd Line: 145
Info (10041): Inferred latch for "mem_addr[7]" at datapath.vhd(145) File: C:/Users/Lenovo/OneDrive/Documents/EE214_Digital_Lab/Test/EE224_CPU-IITB/CPU/CPU/datapath.vhd Line: 145
Info (10041): Inferred latch for "mem_addr[8]" at datapath.vhd(145) File: C:/Users/Lenovo/OneDrive/Documents/EE214_Digital_Lab/Test/EE224_CPU-IITB/CPU/CPU/datapath.vhd Line: 145
Info (10041): Inferred latch for "mem_addr[9]" at datapath.vhd(145) File: C:/Users/Lenovo/OneDrive/Documents/EE214_Digital_Lab/Test/EE224_CPU-IITB/CPU/CPU/datapath.vhd Line: 145
Info (10041): Inferred latch for "mem_addr[10]" at datapath.vhd(145) File: C:/Users/Lenovo/OneDrive/Documents/EE214_Digital_Lab/Test/EE224_CPU-IITB/CPU/CPU/datapath.vhd Line: 145
Info (10041): Inferred latch for "mem_addr[11]" at datapath.vhd(145) File: C:/Users/Lenovo/OneDrive/Documents/EE214_Digital_Lab/Test/EE224_CPU-IITB/CPU/CPU/datapath.vhd Line: 145
Info (10041): Inferred latch for "mem_addr[12]" at datapath.vhd(145) File: C:/Users/Lenovo/OneDrive/Documents/EE214_Digital_Lab/Test/EE224_CPU-IITB/CPU/CPU/datapath.vhd Line: 145
Info (10041): Inferred latch for "mem_addr[13]" at datapath.vhd(145) File: C:/Users/Lenovo/OneDrive/Documents/EE214_Digital_Lab/Test/EE224_CPU-IITB/CPU/CPU/datapath.vhd Line: 145
Info (10041): Inferred latch for "mem_addr[14]" at datapath.vhd(145) File: C:/Users/Lenovo/OneDrive/Documents/EE214_Digital_Lab/Test/EE224_CPU-IITB/CPU/CPU/datapath.vhd Line: 145
Info (10041): Inferred latch for "mem_addr[15]" at datapath.vhd(145) File: C:/Users/Lenovo/OneDrive/Documents/EE214_Digital_Lab/Test/EE224_CPU-IITB/CPU/CPU/datapath.vhd Line: 145
Info (12128): Elaborating entity "Signed_Extender" for hierarchy "datapath:path_of_data|Signed_Extender:se6" File: C:/Users/Lenovo/OneDrive/Documents/EE214_Digital_Lab/Test/EE224_CPU-IITB/CPU/CPU/datapath.vhd Line: 99
Info (12128): Elaborating entity "Signed_Extender" for hierarchy "datapath:path_of_data|Signed_Extender:se9" File: C:/Users/Lenovo/OneDrive/Documents/EE214_Digital_Lab/Test/EE224_CPU-IITB/CPU/CPU/datapath.vhd Line: 102
Info (12128): Elaborating entity "Register_N" for hierarchy "datapath:path_of_data|Register_N:reg16_t1" File: C:/Users/Lenovo/OneDrive/Documents/EE214_Digital_Lab/Test/EE224_CPU-IITB/CPU/CPU/datapath.vhd Line: 106
Warning (10492): VHDL Process Statement warning at Register.vhd(21): signal "w_enable" is read inside the Process Statement but isn't in the Process Statement's sensitivity list File: C:/Users/Lenovo/OneDrive/Documents/EE214_Digital_Lab/Test/EE224_CPU-IITB/CPU/CPU/Register.vhd Line: 21
Warning (10492): VHDL Process Statement warning at Register.vhd(24): signal "data_int" is read inside the Process Statement but isn't in the Process Statement's sensitivity list File: C:/Users/Lenovo/OneDrive/Documents/EE214_Digital_Lab/Test/EE224_CPU-IITB/CPU/CPU/Register.vhd Line: 24
Info (12128): Elaborating entity "Register_N" for hierarchy "datapath:path_of_data|Register_N:reg3" File: C:/Users/Lenovo/OneDrive/Documents/EE214_Digital_Lab/Test/EE224_CPU-IITB/CPU/CPU/datapath.vhd Line: 118
Warning (10492): VHDL Process Statement warning at Register.vhd(21): signal "w_enable" is read inside the Process Statement but isn't in the Process Statement's sensitivity list File: C:/Users/Lenovo/OneDrive/Documents/EE214_Digital_Lab/Test/EE224_CPU-IITB/CPU/CPU/Register.vhd Line: 21
Warning (10492): VHDL Process Statement warning at Register.vhd(24): signal "data_int" is read inside the Process Statement but isn't in the Process Statement's sensitivity list File: C:/Users/Lenovo/OneDrive/Documents/EE214_Digital_Lab/Test/EE224_CPU-IITB/CPU/CPU/Register.vhd Line: 24
Info (12128): Elaborating entity "Decoder_3_To_8" for hierarchy "datapath:path_of_data|Decoder_3_To_8:dec3to8" File: C:/Users/Lenovo/OneDrive/Documents/EE214_Digital_Lab/Test/EE224_CPU-IITB/CPU/CPU/datapath.vhd Line: 122
Info (12128): Elaborating entity "Decoder_2_To_4" for hierarchy "datapath:path_of_data|Decoder_2_To_4:dec2to4" File: C:/Users/Lenovo/OneDrive/Documents/EE214_Digital_Lab/Test/EE224_CPU-IITB/CPU/CPU/datapath.vhd Line: 125
Info (12128): Elaborating entity "Decoder_1_To_2" for hierarchy "datapath:path_of_data|Decoder_1_To_2:dec1to2" File: C:/Users/Lenovo/OneDrive/Documents/EE214_Digital_Lab/Test/EE224_CPU-IITB/CPU/CPU/datapath.vhd Line: 128
Info (12128): Elaborating entity "Left_Shifter" for hierarchy "datapath:path_of_data|Left_Shifter:leftshift" File: C:/Users/Lenovo/OneDrive/Documents/EE214_Digital_Lab/Test/EE224_CPU-IITB/CPU/CPU/datapath.vhd Line: 131
Info (12128): Elaborating entity "Register_File" for hierarchy "datapath:path_of_data|Register_File:rf" File: C:/Users/Lenovo/OneDrive/Documents/EE214_Digital_Lab/Test/EE224_CPU-IITB/CPU/CPU/datapath.vhd Line: 134
Info (12128): Elaborating entity "ALU" for hierarchy "datapath:path_of_data|ALU:alucomp" File: C:/Users/Lenovo/OneDrive/Documents/EE214_Digital_Lab/Test/EE224_CPU-IITB/CPU/CPU/datapath.vhd Line: 137
Info (12128): Elaborating entity "Memory" for hierarchy "datapath:path_of_data|Memory:mem" File: C:/Users/Lenovo/OneDrive/Documents/EE214_Digital_Lab/Test/EE224_CPU-IITB/CPU/CPU/datapath.vhd Line: 140
Warning (10492): VHDL Process Statement warning at Memory.vhd(65): signal "mem_vals" is read inside the Process Statement but isn't in the Process Statement's sensitivity list File: C:/Users/Lenovo/OneDrive/Documents/EE214_Digital_Lab/Test/EE224_CPU-IITB/CPU/CPU/Memory.vhd Line: 65
Warning (10492): VHDL Process Statement warning at Memory.vhd(67): signal "mem_vals" is read inside the Process Statement but isn't in the Process Statement's sensitivity list File: C:/Users/Lenovo/OneDrive/Documents/EE214_Digital_Lab/Test/EE224_CPU-IITB/CPU/CPU/Memory.vhd Line: 67
Warning (10492): VHDL Process Statement warning at Memory.vhd(68): signal "mem_vals" is read inside the Process Statement but isn't in the Process Statement's sensitivity list File: C:/Users/Lenovo/OneDrive/Documents/EE214_Digital_Lab/Test/EE224_CPU-IITB/CPU/CPU/Memory.vhd Line: 68
Warning (10492): VHDL Process Statement warning at Memory.vhd(74): signal "m_wr" is read inside the Process Statement but isn't in the Process Statement's sensitivity list File: C:/Users/Lenovo/OneDrive/Documents/EE214_Digital_Lab/Test/EE224_CPU-IITB/CPU/CPU/Memory.vhd Line: 74
Info (12128): Elaborating entity "FSM" for hierarchy "FSM:machine_of_finite_states" File: C:/Users/Lenovo/OneDrive/Documents/EE214_Digital_Lab/Test/EE224_CPU-IITB/CPU/CPU/CPU.vhd Line: 31
Warning (10492): VHDL Process Statement warning at FSM.vhd(112): signal "z" is read inside the Process Statement but isn't in the Process Statement's sensitivity list File: C:/Users/Lenovo/OneDrive/Documents/EE214_Digital_Lab/Test/EE224_CPU-IITB/CPU/CPU/FSM.vhd Line: 112
Info (16010): Generating hard_block partition "hard_block:auto_generated_inst"
    Info (16011): Adding 0 node(s), including 0 DDIO, 0 PLL, 0 transceiver and 0 LCELL
Warning (21074): Design contains 2 input pin(s) that do not drive logic
    Warning (15610): No output dependent on input pin "clk" File: C:/Users/Lenovo/OneDrive/Documents/EE214_Digital_Lab/Test/EE224_CPU-IITB/CPU/CPU/CPU.vhd Line: 5
    Warning (15610): No output dependent on input pin "rst" File: C:/Users/Lenovo/OneDrive/Documents/EE214_Digital_Lab/Test/EE224_CPU-IITB/CPU/CPU/CPU.vhd Line: 5
Info (21057): Implemented 2 device resources after synthesis - the final resource count might be different
    Info (21058): Implemented 2 input pins
    Info (21059): Implemented 0 output pins
Info: Quartus Prime Analysis & Synthesis was successful. 0 errors, 31 warnings
    Info: Peak virtual memory: 10236 megabytes
    Info: Processing ended: Mon Dec 04 10:32:48 2023
    Info: Elapsed time: 00:02:58
    Info: Total CPU time (on all processors): 00:01:58


