Assembler report for Decoder_1_To_2
Fri Dec 01 15:36:09 2023
Quartus Prime Version 18.1.0 Build 625 09/12/2018 SJ Lite Edition


---------------------
; Table of Contents ;
---------------------
  1. Legal Notice
  2. Assembler Summary
  3. Assembler Settings
  4. Assembler Generated Files
  5. Assembler Device Options: D:/OneDrive - Indian Institute of Technology Bombay/Semester 3/EE 224/IITB CPU/1 To 2 Decoder/output_files/Decoder_1_To_2.sof
  6. Assembler Messages



----------------
; Legal Notice ;
----------------
Copyright (C) 2018  Intel Corporation. All rights reserved.
Your use of Intel Corporation's design tools, logic functions 
and other software and tools, and its AMPP partner logic 
functions, and any output files from any of the foregoing 
(including device programming or simulation files), and any 
associated documentation or information are expressly subject 
to the terms and conditions of the Intel Program License 
Subscription Agreement, the Intel Quartus Prime License Agreement,
the Intel FPGA IP License Agreement, or other applicable license
agreement, including, without limitation, that your use is for
the sole purpose of programming logic devices manufactured by
Intel and sold by Intel or its authorized distributors.  Please
refer to the applicable agreement for further details.



+---------------------------------------------------------------+
; Assembler Summary                                             ;
+-----------------------+---------------------------------------+
; Assembler Status      ; Successful - Fri Dec 01 15:36:09 2023 ;
; Revision Name         ; Decoder_1_To_2                        ;
; Top-level Entity Name ; Decoder_1_To_2                        ;
; Family                ; MAX 10                                ;
; Device                ; 10M25SAE144C8G                        ;
+-----------------------+---------------------------------------+


+----------------------------------+
; Assembler Settings               ;
+--------+---------+---------------+
; Option ; Setting ; Default Value ;
+--------+---------+---------------+


+-------------------------------------------------------------------------------------------------------------------------------+
; Assembler Generated Files                                                                                                     ;
+-------------------------------------------------------------------------------------------------------------------------------+
; File Name                                                                                                                     ;
+-------------------------------------------------------------------------------------------------------------------------------+
; D:/OneDrive - Indian Institute of Technology Bombay/Semester 3/EE 224/IITB CPU/1 To 2 Decoder/output_files/Decoder_1_To_2.sof ;
+-------------------------------------------------------------------------------------------------------------------------------+


+---------------------------------------------------------------------------------------------------------------------------------------------------------+
; Assembler Device Options: D:/OneDrive - Indian Institute of Technology Bombay/Semester 3/EE 224/IITB CPU/1 To 2 Decoder/output_files/Decoder_1_To_2.sof ;
+----------------+----------------------------------------------------------------------------------------------------------------------------------------+
; Option         ; Setting                                                                                                                                ;
+----------------+----------------------------------------------------------------------------------------------------------------------------------------+
; JTAG usercode  ; 0x0015318C                                                                                                                             ;
; Checksum       ; 0x0015318C                                                                                                                             ;
+----------------+----------------------------------------------------------------------------------------------------------------------------------------+


+--------------------+
; Assembler Messages ;
+--------------------+
Info: *******************************************************************
Info: Running Quartus Prime Assembler
    Info: Version 18.1.0 Build 625 09/12/2018 SJ Lite Edition
    Info: Processing started: Fri Dec 01 15:36:07 2023
Info: Command: quartus_asm --read_settings_files=off --write_settings_files=off Decoder_1_To_2 -c Decoder_1_To_2
Warning (18236): Number of processors has not been specified which may cause overloading on shared machines.  Set the global assignment NUM_PARALLEL_PROCESSORS in your QSF to an appropriate value for best performance.
Info (115031): Writing out detailed assembly data for power analysis
Info (115030): Assembler is generating device programming files
Info: Quartus Prime Assembler was successful. 0 errors, 1 warning
    Info: Peak virtual memory: 4684 megabytes
    Info: Processing ended: Fri Dec 01 15:36:10 2023
    Info: Elapsed time: 00:00:03
    Info: Total CPU time (on all processors): 00:00:03


